<?xml version="1.0" encoding="UTF-8"?>
<robot generator="Robot 7.0 (Python 3.12.2 on win32)" generated="2024-04-07T09:15:58.270024" rpa="false" schemaversion="5">
<suite id="s1" name="Hello" source="D:\DADOS\Desktop\C\DANI\Exercicios\exerciciosParaEstudos\walkdog-robot\hello.robot">
<test id="s1-t1" name="Deve mostrar uma mensagem de boas vindas" line="5">
<kw name="Log To Console" owner="BuiltIn">
<arg>message=Hello Robot</arg>
<doc>Logs the given message to the console.</doc>
<status status="PASS" start="2024-04-07T09:15:58.292041" elapsed="0.000000"/>
</kw>
<status status="PASS" start="2024-04-07T09:15:58.291047" elapsed="0.000994"/>
</test>
<doc>Meu primeiro teste em Robot Framework</doc>
<status status="PASS" start="2024-04-07T09:15:58.272108" elapsed="0.019933"/>
</suite>
<statistics>
<total>
<stat pass="1" fail="0" skip="0">All Tests</stat>
</total>
<tag>
</tag>
<suite>
<stat pass="1" fail="0" skip="0" id="s1" name="Hello">Hello</stat>
</suite>
</statistics>
<errors>
</errors>
</robot>
